0 info it worked if it ends with ok
1 verbose cli [ 'C:\\Program Files\\nodejs\\node.exe',
1 verbose cli   'C:\\Program Files\\nodejs\\node_modules\\npm\\bin\\npm-cli.js',
1 verbose cli   'run',
1 verbose cli   'webpack' ]
2 info using npm@4.1.2
3 info using node@v7.5.0
4 verbose run-script [ 'prewebpack', 'webpack', 'postwebpack' ]
5 info lifecycle spa@0.1.0~prewebpack: spa@0.1.0
6 silly lifecycle spa@0.1.0~prewebpack: no script for prewebpack, continuing
7 info lifecycle spa@0.1.0~webpack: spa@0.1.0
8 verbose lifecycle spa@0.1.0~webpack: unsafe-perm in lifecycle true
9 verbose lifecycle spa@0.1.0~webpack: PATH: C:\Program Files\nodejs\node_modules\npm\bin\node-gyp-bin;C:\Users\Luis_Boville\Code\reactjs\createapp\spa\node_modules\.bin;C:\Users\Luis_Boville\bin;C:\Program Files\Git\mingw64\bin;C:\Program Files\Git\usr\local\bin;C:\Program Files\Git\usr\bin;C:\Program Files\Git\usr\bin;C:\Program Files\Git\mingw64\bin;C:\Program Files\Git\usr\bin;C:\Users\Luis_Boville\bin;C:\Program Files (x86)\Intel\iCLS Client;C:\Program Files\Intel\iCLS Client;C:\Program Files\Common Files\Microsoft Shared\Windows Live;C:\Program Files (x86)\Common Files\Microsoft Shared\Windows Live;C:\windows\system32;C:\windows;C:\windows\System32\Wbem;C:\windows\System32\WindowsPowerShell\v1.0;C:\Program Files (x86)\Windows Live\Shared;C:\Program Files\Intel\Intel(R) Management Engine Components\DAL;C:\Program Files (x86)\Intel\Intel(R) Management Engine Components\DAL;C:\Program Files\Intel\Intel(R) Management Engine Components\IPT;C:\Program Files (x86)\Intel\Intel(R) Management Engine Components\IPT;C:\Program Files (x86)\Novell\GroupWise;C:\Program Files\Git\cmd;C:\Program Files\nodejs;C:\HashiCorp\Vagrant\bin;C:\Program Files (x86)\Microsoft SQL Server\Client SDK\ODBC\130\Tools\Binn;C:\Program Files (x86)\Microsoft SQL Server\130\Tools\Binn;C:\Program Files (x86)\Microsoft SQL Server\130\DTS\Binn;C:\Program Files (x86)\Microsoft SQL Server\130\Tools\Binn\ManagementStudio;C:\Users\Luis_Boville\AppData\Roaming\npm;C:\Program Files\Git\usr\bin\vendor_perl;C:\Program Files\Git\usr\bin\core_perl
10 verbose lifecycle spa@0.1.0~webpack: CWD: C:\Users\Luis_Boville\Code\reactjs\createapp\spa
11 silly lifecycle spa@0.1.0~webpack: Args: [ '/d /s /c', 'webpack webpack.config.js' ]
12 silly lifecycle spa@0.1.0~webpack: Returned: code: 2  signal: null
13 info lifecycle spa@0.1.0~webpack: Failed to exec webpack script
14 verbose stack Error: spa@0.1.0 webpack: `webpack webpack.config.js`
14 verbose stack Exit status 2
14 verbose stack     at EventEmitter.<anonymous> (C:\Program Files\nodejs\node_modules\npm\lib\utils\lifecycle.js:279:16)
14 verbose stack     at emitTwo (events.js:106:13)
14 verbose stack     at EventEmitter.emit (events.js:192:7)
14 verbose stack     at ChildProcess.<anonymous> (C:\Program Files\nodejs\node_modules\npm\lib\utils\spawn.js:40:14)
14 verbose stack     at emitTwo (events.js:106:13)
14 verbose stack     at ChildProcess.emit (events.js:192:7)
14 verbose stack     at maybeClose (internal/child_process.js:890:16)
14 verbose stack     at Process.ChildProcess._handle.onexit (internal/child_process.js:226:5)
15 verbose pkgid spa@0.1.0
16 verbose cwd C:\Users\Luis_Boville\Code\reactjs\createapp\spa
17 error Windows_NT 6.1.7601
18 error argv "C:\\Program Files\\nodejs\\node.exe" "C:\\Program Files\\nodejs\\node_modules\\npm\\bin\\npm-cli.js" "run" "webpack"
19 error node v7.5.0
20 error npm  v4.1.2
21 error code ELIFECYCLE
22 error spa@0.1.0 webpack: `webpack webpack.config.js`
22 error Exit status 2
23 error Failed at the spa@0.1.0 webpack script 'webpack webpack.config.js'.
23 error Make sure you have the latest version of node.js and npm installed.
23 error If you do, this is most likely a problem with the spa package,
23 error not with npm itself.
23 error Tell the author that this fails on your system:
23 error     webpack webpack.config.js
23 error You can get information on how to open an issue for this project with:
23 error     npm bugs spa
23 error Or if that isn't available, you can get their info via:
23 error     npm owner ls spa
23 error There is likely additional logging output above.
24 verbose exit [ 1, true ]
